Arguments: 
  D:\envir\nodejs\node.exe D:\envir\nodejs\node_global\node_modules\yarn\bin\yarn.js init

PATH: 
  D:\envir\VMware\bin\;C:\WINDOWS\system32;C:\WINDOWS;C:\WINDOWS\System32\Wbem;C:\WINDOWS\System32\WindowsPowerShell\v1.0\;C:\WINDOWS\System32\OpenSSH\;D:\envir\Git\cmd;D:\envir\nodejs\;C:\Program Files\dotnet\;C:\Program Files (x86)\dotnet\;C:\Users\11979\AppData\Local\Microsoft\WindowsApps;D:\Program Files\Bandisoft\Bandizip\;C:\Users\11979\AppData\Roaming\npm;C:\Program Files\MySQL\MySQL Server 5.7\bin;D:\envir\nodejs\node_global\node_modules;D:\envir\nodejs\node_global;D:\envir\Java\jdk\\bin;

Yarn version: 
  1.22.10

Node version: 
  14.16.1

Platform: 
  win32 x64

Trace: 
  Error: canceled
      at Interface.<anonymous> (D:\envir\nodejs\node_global\node_modules\yarn\lib\cli.js:136216:13)
      at Interface.emit (events.js:315:20)
      at Interface._ttyWrite (readline.js:875:16)
      at ReadStream.onkeypress (readline.js:213:10)
      at ReadStream.emit (events.js:315:20)
      at emitKeys (internal/readline/utils.js:345:14)
      at emitKeys.next (<anonymous>)
      at ReadStream.onData (readline.js:1144:36)
      at ReadStream.emit (events.js:315:20)
      at addChunk (internal/streams/readable.js:309:12)

npm manifest: 
  No manifest

yarn manifest: 
  No manifest

Lockfile: 
  No lockfile
